<?xml version="1.0" encoding="UTF-8"?>
<!-- Generated by org.testng.reporters.JUnitReportReporter -->
<testsuite hostname="DESKTOP-V0U2QMD" failures="0" tests="5" name="com.lbrce.parsa.UserValidationTest" time="0.014" errors="0" timestamp="2023-11-07T11:10:53 IST" skipped="0">
  <testcase classname="com.lbrce.parsa.UserValidationTest" name="testCase1" time="0.013"/>
  <testcase classname="com.lbrce.parsa.UserValidationTest" name="testCase5" time="0.001"/>
  <testcase classname="com.lbrce.parsa.UserValidationTest" name="testCase2" time="0.000"/>
  <testcase classname="com.lbrce.parsa.UserValidationTest" name="testCase4" time="0.000"/>
  <testcase classname="com.lbrce.parsa.UserValidationTest" name="testCase3" time="0.000"/>
</testsuite> <!-- com.lbrce.parsa.UserValidationTest -->
